Watching for file changes with StatReloader
Watching for file changes with StatReloader
Watching for file changes with StatReloader
Watching for file changes with StatReloader
Watching for file changes with StatReloader
C:\Users\user\Desktop\store-main\.venv\Lib\site-packages\redis\_parsers\helpers.py changed, reloading.
C:\Users\user\Desktop\store-main\.venv\Lib\site-packages\redis\backoff.py changed, reloading.
C:\Users\user\Desktop\store-main\.venv\Lib\site-packages\redis\connection.py changed, reloading.
Watching for file changes with StatReloader
Watching for file changes with StatReloader
Watching for file changes with StatReloader
C:\Users\user\Desktop\store-main\.venv\Lib\site-packages\django\apps\config.py changed, reloading.
C:\Users\user\Desktop\store-main\.venv\Lib\site-packages\django\shortcuts.py changed, reloading.
C:\Users\user\Desktop\store-main\.venv\Lib\site-packages\django\conf\__init__.py changed, reloading.
Watching for file changes with StatReloader
Watching for file changes with StatReloader
C:\Users\user\Desktop\store-main\backend\config\settings.py changed, reloading.
Watching for file changes with StatReloader
Watching for file changes with StatReloader
Watching for file changes with StatReloader
C:\Users\user\Desktop\store-main\backend\config\settings.py changed, reloading.
Watching for file changes with StatReloader
C:\Users\user\Desktop\store-main\backend\config\settings.py changed, reloading.
Watching for file changes with StatReloader
C:\Users\user\Desktop\store-main\backend\config\settings.py changed, reloading.
Watching for file changes with StatReloader
C:\Users\user\Desktop\store-main\backend\config\settings.py changed, reloading.
Watching for file changes with StatReloader
C:\Users\user\Desktop\store-main\backend\config\settings.py changed, reloading.
Watching for file changes with StatReloader
C:\Users\user\Desktop\store-main\backend\config\settings.py changed, reloading.
Watching for file changes with StatReloader
Watching for file changes with StatReloader
C:\Users\user\Desktop\store-main\backend\config\settings.py changed, reloading.
Watching for file changes with StatReloader
C:\Users\user\Desktop\store-main\backend\config\settings.py changed, reloading.
Watching for file changes with StatReloader
Watching for file changes with StatReloader
C:\Users\user\Desktop\store-main\backend\config\settings.py changed, reloading.
Watching for file changes with StatReloader
Watching for file changes with StatReloader
Watching for file changes with StatReloader
Watching for file changes with StatReloader
Watching for file changes with StatReloader
Watching for file changes with StatReloader
Watching for file changes with StatReloader
Watching for file changes with StatReloader
Watching for file changes with StatReloader
"OPTIONS /api/products/products HTTP/1.1" 200 0
"OPTIONS /api/products/products?ordering=price&min_price=0&max_price=100000 HTTP/1.1" 200 0
"OPTIONS /api/products/products/ HTTP/1.1" 200 0
"OPTIONS /api/products/products/?ordering=price&min_price=0&max_price=100000 HTTP/1.1" 200 0
"GET /api/products/products/ HTTP/1.1" 301 0
code 400, message Bad request version ('\x00\x04\x03\x00\x01\x02\x00')
code 400, message Bad request version ('\x00\x04\x03\x00\x01\x02\x00')
You're accessing the development server over HTTPS, but it only supports HTTP.
"GET /api/products/products/?ordering=price&min_price=0&max_price=100000 HTTP/1.1" 301 0
You're accessing the development server over HTTPS, but it only supports HTTP.
You're accessing the development server over HTTPS, but it only supports HTTP.
You're accessing the development server over HTTPS, but it only supports HTTP.
You're accessing the development server over HTTPS, but it only supports HTTP.
code 400, message Bad HTTP/0.9 request type ('\x16\x03\x01\x07\x12\x01\x00\x07\x0e\x03\x03')
You're accessing the development server over HTTPS, but it only supports HTTP.
You're accessing the development server over HTTPS, but it only supports HTTP.
"OPTIONS /api/products/products?ordering=-created_at HTTP/1.1" 200 0
"OPTIONS /api/products/products/?ordering=-created_at HTTP/1.1" 200 0
"GET /api/products/products/?ordering=-created_at HTTP/1.1" 301 0
You're accessing the development server over HTTPS, but it only supports HTTP.
You're accessing the development server over HTTPS, but it only supports HTTP.
You're accessing the development server over HTTPS, but it only supports HTTP.
You're accessing the development server over HTTPS, but it only supports HTTP.
Watching for file changes with StatReloader
You're accessing the development server over HTTPS, but it only supports HTTP.
You're accessing the development server over HTTPS, but it only supports HTTP.
code 400, message Bad request version ('\x00\x02\x01\x00\x00\x1b\x00\x03\x02\x00\x02\x00\x12\x00\x00\x00')
You're accessing the development server over HTTPS, but it only supports HTTP.
You're accessing the development server over HTTPS, but it only supports HTTP.
Watching for file changes with StatReloader
C:\Users\user\Desktop\store-main\backend\config\settings.py changed, reloading.
Watching for file changes with StatReloader
Watching for file changes with StatReloader
C:\Users\user\Desktop\store-main\backend\config\settings.py changed, reloading.
Watching for file changes with StatReloader
C:\Users\user\Desktop\store-main\backend\config\settings.py changed, reloading.
Watching for file changes with StatReloader
Watching for file changes with StatReloader
Watching for file changes with StatReloader
C:\Users\user\Desktop\store-main\backend\config\settings.py changed, reloading.
Watching for file changes with StatReloader
C:\Users\user\Desktop\store-main\backend\monitoring\signals.py changed, reloading.
Watching for file changes with StatReloader
Watching for file changes with StatReloader
C:\Users\user\Desktop\store-main\backend\config\settings.py changed, reloading.
Watching for file changes with StatReloader
Watching for file changes with StatReloader
C:\Users\user\Desktop\store-main\backend\config\settings.py changed, reloading.
Watching for file changes with StatReloader
Watching for file changes with StatReloader
Watching for file changes with StatReloader
C:\Users\user\Desktop\store-main\backend\config\settings.py changed, reloading.
Watching for file changes with StatReloader
Watching for file changes with StatReloader
code 400, message Bad request version ('\x00\x12\x00\x10\x04\x03\x08\x04\x04\x01\x05\x03\x08\x05\x05\x01\x08\x06\x06\x01\x00')
You're accessing the development server over HTTPS, but it only supports HTTP.
You're accessing the development server over HTTPS, but it only supports HTTP.
You're accessing the development server over HTTPS, but it only supports HTTP.
You're accessing the development server over HTTPS, but it only supports HTTP.
You're accessing the development server over HTTPS, but it only supports HTTP.
You're accessing the development server over HTTPS, but it only supports HTTP.
You're accessing the development server over HTTPS, but it only supports HTTP.
You're accessing the development server over HTTPS, but it only supports HTTP.
You're accessing the development server over HTTPS, but it only supports HTTP.
code 400, message Bad request version ('localhost\x00#\x00\x00\x00')
You're accessing the development server over HTTPS, but it only supports HTTP.
You're accessing the development server over HTTPS, but it only supports HTTP.
You're accessing the development server over HTTPS, but it only supports HTTP.
You're accessing the development server over HTTPS, but it only supports HTTP.
You're accessing the development server over HTTPS, but it only supports HTTP.
You're accessing the development server over HTTPS, but it only supports HTTP.
You're accessing the development server over HTTPS, but it only supports HTTP.
Watching for file changes with StatReloader
Watching for file changes with StatReloader
code 400, message Bad request version ('\x00\x02\x01\x00\x00\x1b\x00\x03\x02\x00\x02\x00')
You're accessing the development server over HTTPS, but it only supports HTTP.
You're accessing the development server over HTTPS, but it only supports HTTP.
You're accessing the development server over HTTPS, but it only supports HTTP.
You're accessing the development server over HTTPS, but it only supports HTTP.
You're accessing the development server over HTTPS, but it only supports HTTP.
code 400, message Bad request version ('\x125\x95¦«2(')
You're accessing the development server over HTTPS, but it only supports HTTP.
You're accessing the development server over HTTPS, but it only supports HTTP.
You're accessing the development server over HTTPS, but it only supports HTTP.
You're accessing the development server over HTTPS, but it only supports HTTP.
You're accessing the development server over HTTPS, but it only supports HTTP.
You're accessing the development server over HTTPS, but it only supports HTTP.
You're accessing the development server over HTTPS, but it only supports HTTP.
You're accessing the development server over HTTPS, but it only supports HTTP.
code 400, message Bad request version ('localhost\x00\x17\x00\x00\x00')
You're accessing the development server over HTTPS, but it only supports HTTP.
Watching for file changes with StatReloader
Watching for file changes with StatReloader
Watching for file changes with StatReloader
Watching for file changes with StatReloader
C:\Users\user\Desktop\store-main\backend\config\settings.py changed, reloading.
Watching for file changes with StatReloader
Watching for file changes with StatReloader
Watching for file changes with StatReloader
C:\Users\user\Desktop\store-main\backend\config\settings.py changed, reloading.
Watching for file changes with StatReloader
C:\Users\user\Desktop\store-main\backend\config\settings.py changed, reloading.
Watching for file changes with StatReloader
C:\Users\user\Desktop\store-main\backend\config\settings.py changed, reloading.
Watching for file changes with StatReloader
Watching for file changes with StatReloader
"OPTIONS /api/products/products HTTP/1.1" 301 0
"OPTIONS /api/products/products?ordering=price&min_price=0&max_price=100000 HTTP/1.1" 301 0
"OPTIONS /api/products/products?ordering=-created_at HTTP/1.1" 301 0
C:\Users\user\Desktop\store-main\backend\config\settings.py changed, reloading.
Watching for file changes with StatReloader
C:\Users\user\Desktop\store-main\backend\config\settings.py changed, reloading.
Watching for file changes with StatReloader
"OPTIONS /api/products/products?ordering=-created_at HTTP/1.1" 301 0
"OPTIONS /api/products/products HTTP/1.1" 301 0
"OPTIONS /api/products/products?ordering=price&min_price=0&max_price=100000 HTTP/1.1" 301 0
"OPTIONS /api/products/products?ordering=price&min_price=0&max_price=100000 HTTP/1.1" 301 0
"OPTIONS /api/products/products HTTP/1.1" 301 0
C:\Users\user\Desktop\store-main\backend\config\urls.py changed, reloading.
Watching for file changes with StatReloader
C:\Users\user\Desktop\store-main\backend\products\urls.py changed, reloading.
Watching for file changes with StatReloader
C:\Users\user\Desktop\store-main\backend\config\settings.py changed, reloading.
Watching for file changes with StatReloader
"OPTIONS /api/products/products?ordering=price&min_price=0&max_price=100000 HTTP/1.1" 301 0
"OPTIONS /api/products/products HTTP/1.1" 301 0
"OPTIONS /api/products/products?ordering=-created_at HTTP/1.1" 301 0
C:\Users\user\Desktop\store-main\backend\products\views.py changed, reloading.
Watching for file changes with StatReloader
C:\Users\user\Desktop\store-main\backend\config\settings.py changed, reloading.
Watching for file changes with StatReloader
"OPTIONS /api/products/products?ordering=-created_at HTTP/1.1" 301 0
C:\Users\user\Desktop\store-main\backend\config\urls.py changed, reloading.
Watching for file changes with StatReloader
C:\Users\user\Desktop\store-main\backend\products\urls.py changed, reloading.
Watching for file changes with StatReloader
C:\Users\user\Desktop\store-main\backend\config\settings.py changed, reloading.
Watching for file changes with StatReloader
"OPTIONS /api/products/products?ordering=-created_at HTTP/1.1" 301 0
"OPTIONS /api/products/products?ordering=price&min_price=0&max_price=100000 HTTP/1.1" 301 0
"OPTIONS /api/products/products HTTP/1.1" 301 0
C:\Users\user\Desktop\store-main\backend\config\settings.py changed, reloading.
Watching for file changes with StatReloader
C:\Users\user\Desktop\store-main\backend\config\urls.py changed, reloading.
Watching for file changes with StatReloader
C:\Users\user\Desktop\store-main\backend\products\urls.py changed, reloading.
Watching for file changes with StatReloader
"OPTIONS /api/products/products?ordering=price&min_price=0&max_price=100000 HTTP/1.1" 200 0
"OPTIONS /api/products/products HTTP/1.1" 200 0
"OPTIONS /api/products/products/ HTTP/1.1" 200 0
"OPTIONS /api/products/products/?ordering=price&min_price=0&max_price=100000 HTTP/1.1" 200 0
code 400, message Bad request version ('localhost\x00')
You're accessing the development server over HTTPS, but it only supports HTTP.
You're accessing the development server over HTTPS, but it only supports HTTP.
code 400, message Bad request version ('\x00\x12\x00\x10\x04\x03\x08\x04\x04\x01\x05\x03\x08\x05\x05\x01\x08\x06\x06\x01\x00\x1b\x00\x03\x02\x00\x02\x00')
You're accessing the development server over HTTPS, but it only supports HTTP.
You're accessing the development server over HTTPS, but it only supports HTTP.
You're accessing the development server over HTTPS, but it only supports HTTP.
You're accessing the development server over HTTPS, but it only supports HTTP.
"OPTIONS /api/products/products?ordering=-created_at HTTP/1.1" 200 0
"OPTIONS /api/products/products/?ordering=-created_at HTTP/1.1" 200 0
You're accessing the development server over HTTPS, but it only supports HTTP.
You're accessing the development server over HTTPS, but it only supports HTTP.
You're accessing the development server over HTTPS, but it only supports HTTP.
You're accessing the development server over HTTPS, but it only supports HTTP.
C:\Users\user\Desktop\store-main\backend\products\views.py changed, reloading.
Watching for file changes with StatReloader
You're accessing the development server over HTTPS, but it only supports HTTP.
You're accessing the development server over HTTPS, but it only supports HTTP.
You're accessing the development server over HTTPS, but it only supports HTTP.
You're accessing the development server over HTTPS, but it only supports HTTP.
code 400, message Bad request version ('\x00\x12\x00\x10\x04\x03\x08\x04\x04\x01\x05\x03\x08\x05\x05\x01\x08\x06\x06\x01\x00')
You're accessing the development server over HTTPS, but it only supports HTTP.
You're accessing the development server over HTTPS, but it only supports HTTP.
You're accessing the development server over HTTPS, but it only supports HTTP.
code 400, message Bad request version ('localhost\x00\x05\x00\x05\x01\x00\x00\x00\x00\x00')
You're accessing the development server over HTTPS, but it only supports HTTP.
You're accessing the development server over HTTPS, but it only supports HTTP.
You're accessing the development server over HTTPS, but it only supports HTTP.
You're accessing the development server over HTTPS, but it only supports HTTP.
You're accessing the development server over HTTPS, but it only supports HTTP.
You're accessing the development server over HTTPS, but it only supports HTTP.
You're accessing the development server over HTTPS, but it only supports HTTP.
You're accessing the development server over HTTPS, but it only supports HTTP.
You're accessing the development server over HTTPS, but it only supports HTTP.
"OPTIONS /api/products/products?ordering=price&min_price=0&max_price=100000 HTTP/1.1" 200 0
"OPTIONS /api/products/products HTTP/1.1" 200 0
"GET /api/products/products HTTP/1.1" 301 0
"GET /api/products/products?ordering=price&min_price=0&max_price=100000 HTTP/1.1" 301 0
You're accessing the development server over HTTPS, but it only supports HTTP.
You're accessing the development server over HTTPS, but it only supports HTTP.
code 400, message Bad request version ('\x02h2\x08http/1.1\x00#\x00\x00\x00')
You're accessing the development server over HTTPS, but it only supports HTTP.
You're accessing the development server over HTTPS, but it only supports HTTP.
Watching for file changes with StatReloader
You're accessing the development server over HTTPS, but it only supports HTTP.
You're accessing the development server over HTTPS, but it only supports HTTP.
code 400, message Bad request version ('p°µ')
You're accessing the development server over HTTPS, but it only supports HTTP.
You're accessing the development server over HTTPS, but it only supports HTTP.
"GET /api/api/products/products?ordering=price&min_price=0&max_price=100000 HTTP/1.1" 301 0
"GET /api/api/products/products HTTP/1.1" 301 0
code 400, message Bad request version ('localhost\x00#\x00\x00\x00\x17\x00\x00\x00')
You're accessing the development server over HTTPS, but it only supports HTTP.
You're accessing the development server over HTTPS, but it only supports HTTP.
You're accessing the development server over HTTPS, but it only supports HTTP.
You're accessing the development server over HTTPS, but it only supports HTTP.
You're accessing the development server over HTTPS, but it only supports HTTP.
You're accessing the development server over HTTPS, but it only supports HTTP.
Watching for file changes with StatReloader
code 400, message Bad request version ('ZZ\x00\x00\x00')
You're accessing the development server over HTTPS, but it only supports HTTP.
You're accessing the development server over HTTPS, but it only supports HTTP.
You're accessing the development server over HTTPS, but it only supports HTTP.
code 400, message Bad request version ('localhost\x00')
You're accessing the development server over HTTPS, but it only supports HTTP.
You're accessing the development server over HTTPS, but it only supports HTTP.
You're accessing the development server over HTTPS, but it only supports HTTP.
You're accessing the development server over HTTPS, but it only supports HTTP.
You're accessing the development server over HTTPS, but it only supports HTTP.
You're accessing the development server over HTTPS, but it only supports HTTP.
You're accessing the development server over HTTPS, but it only supports HTTP.
code 400, message Bad request version ('E')
You're accessing the development server over HTTPS, but it only supports HTTP.
You're accessing the development server over HTTPS, but it only supports HTTP.
C:\Users\user\Desktop\store-main\backend\config\settings.py changed, reloading.
Watching for file changes with StatReloader
You're accessing the development server over HTTPS, but it only supports HTTP.
You're accessing the development server over HTTPS, but it only supports HTTP.
code 400, message Bad request version ('\x00')
You're accessing the development server over HTTPS, but it only supports HTTP.
You're accessing the development server over HTTPS, but it only supports HTTP.
You're accessing the development server over HTTPS, but it only supports HTTP.
code 400, message Bad request syntax ('\x16\x03\x01\x07\x12\x01\x00\x07\x0e\x03\x03nm·2\x02B\xadX')
You're accessing the development server over HTTPS, but it only supports HTTP.
You're accessing the development server over HTTPS, but it only supports HTTP.
You're accessing the development server over HTTPS, but it only supports HTTP.
You're accessing the development server over HTTPS, but it only supports HTTP.
You're accessing the development server over HTTPS, but it only supports HTTP.
You're accessing the development server over HTTPS, but it only supports HTTP.
You're accessing the development server over HTTPS, but it only supports HTTP.
C:\Users\user\Desktop\store-main\backend\config\urls.py changed, reloading.
Watching for file changes with StatReloader
You're accessing the development server over HTTPS, but it only supports HTTP.
You're accessing the development server over HTTPS, but it only supports HTTP.
You're accessing the development server over HTTPS, but it only supports HTTP.
You're accessing the development server over HTTPS, but it only supports HTTP.
You're accessing the development server over HTTPS, but it only supports HTTP.
You're accessing the development server over HTTPS, but it only supports HTTP.
Watching for file changes with StatReloader
code 400, message Bad request version ('U')
You're accessing the development server over HTTPS, but it only supports HTTP.
You're accessing the development server over HTTPS, but it only supports HTTP.
You're accessing the development server over HTTPS, but it only supports HTTP.
You're accessing the development server over HTTPS, but it only supports HTTP.
You're accessing the development server over HTTPS, but it only supports HTTP.
You're accessing the development server over HTTPS, but it only supports HTTP.
"GET /api/api/products/products?ordering=-created_at HTTP/1.1" 301 0
code 400, message Bad request version ('\x00\x12\x00\x10\x04\x03\x08\x04\x04\x01\x05\x03\x08\x05\x05\x01\x08\x06\x06\x01\x00')
You're accessing the development server over HTTPS, but it only supports HTTP.
You're accessing the development server over HTTPS, but it only supports HTTP.
You're accessing the development server over HTTPS, but it only supports HTTP.
You're accessing the development server over HTTPS, but it only supports HTTP.
Watching for file changes with StatReloader
Watching for file changes with StatReloader
You're accessing the development server over HTTPS, but it only supports HTTP.
You're accessing the development server over HTTPS, but it only supports HTTP.
code 400, message Bad request version ('\x00\x02\x01\x00\x00\x05\x00\x05\x01\x00\x00\x00\x00\x00')
You're accessing the development server over HTTPS, but it only supports HTTP.
You're accessing the development server over HTTPS, but it only supports HTTP.
You're accessing the development server over HTTPS, but it only supports HTTP.
You're accessing the development server over HTTPS, but it only supports HTTP.
You're accessing the development server over HTTPS, but it only supports HTTP.
You're accessing the development server over HTTPS, but it only supports HTTP.
You're accessing the development server over HTTPS, but it only supports HTTP.
You're accessing the development server over HTTPS, but it only supports HTTP.
C:\Users\user\Desktop\store-main\backend\config\settings.py changed, reloading.
Watching for file changes with StatReloader
C:\Users\user\Desktop\store-main\backend\config\settings.py changed, reloading.
Watching for file changes with StatReloader
You're accessing the development server over HTTPS, but it only supports HTTP.
You're accessing the development server over HTTPS, but it only supports HTTP.
code 400, message Bad HTTP/0.9 request type ('\x16\x03\x01\x06')
You're accessing the development server over HTTPS, but it only supports HTTP.
You're accessing the development server over HTTPS, but it only supports HTTP.
"GET /admin/ HTTP/1.1" 301 0
You're accessing the development server over HTTPS, but it only supports HTTP.
You're accessing the development server over HTTPS, but it only supports HTTP.
"GET /admin/ HTTP/1.1" 301 0
code 400, message Bad request version ('\x00\x04\x03\x00\x01\x02\x00')
code 400, message Bad request version ('\x00\x04\x03\x00\x01\x02\x00')
You're accessing the development server over HTTPS, but it only supports HTTP.
You're accessing the development server over HTTPS, but it only supports HTTP.
You're accessing the development server over HTTPS, but it only supports HTTP.
You're accessing the development server over HTTPS, but it only supports HTTP.
You're accessing the development server over HTTPS, but it only supports HTTP.
C:\Users\user\Desktop\store-main\backend\config\settings.py changed, reloading.
Watching for file changes with StatReloader
Watching for file changes with StatReloader
C:\Users\user\Desktop\store-main\backend\config\settings.py changed, reloading.
Watching for file changes with StatReloader
Watching for file changes with StatReloader
"GET /api/products/ HTTP/1.1" 301 0
You're accessing the development server over HTTPS, but it only supports HTTP.
You're accessing the development server over HTTPS, but it only supports HTTP.
You're accessing the development server over HTTPS, but it only supports HTTP.
You're accessing the development server over HTTPS, but it only supports HTTP.
C:\Users\user\Desktop\store-main\backend\config\settings.py changed, reloading.
Watching for file changes with StatReloader
You're accessing the development server over HTTPS, but it only supports HTTP.
You're accessing the development server over HTTPS, but it only supports HTTP.
You're accessing the development server over HTTPS, but it only supports HTTP.
You're accessing the development server over HTTPS, but it only supports HTTP.
C:\Users\user\Desktop\store-main\backend\config\settings.py changed, reloading.
Watching for file changes with StatReloader
"OPTIONS /api/api/products/products?ordering=-created_at HTTP/1.1" 200 0
"OPTIONS /api/api/products/products?ordering=-created_at HTTP/1.1" 200 0
"GET /api/api/products/products?ordering=-created_at HTTP/1.1" 301 0
You're accessing the development server over HTTPS, but it only supports HTTP.
You're accessing the development server over HTTPS, but it only supports HTTP.
You're accessing the development server over HTTPS, but it only supports HTTP.
You're accessing the development server over HTTPS, but it only supports HTTP.
You're accessing the development server over HTTPS, but it only supports HTTP.
You're accessing the development server over HTTPS, but it only supports HTTP.
C:\Users\user\Desktop\store-main\backend\config\settings.py changed, reloading.
Watching for file changes with StatReloader
You're accessing the development server over HTTPS, but it only supports HTTP.
You're accessing the development server over HTTPS, but it only supports HTTP.
You're accessing the development server over HTTPS, but it only supports HTTP.
You're accessing the development server over HTTPS, but it only supports HTTP.
"OPTIONS /api/api/products/products?ordering=price&min_price=0&max_price=100000 HTTP/1.1" 200 0
"OPTIONS /api/api/products/products HTTP/1.1" 200 0
"GET /api/api/products/products?ordering=price&min_price=0&max_price=100000 HTTP/1.1" 301 0
"GET /api/api/products/products HTTP/1.1" 301 0
You're accessing the development server over HTTPS, but it only supports HTTP.
code 400, message Bad request version ('localhost\x00')
You're accessing the development server over HTTPS, but it only supports HTTP.
You're accessing the development server over HTTPS, but it only supports HTTP.
You're accessing the development server over HTTPS, but it only supports HTTP.
You're accessing the development server over HTTPS, but it only supports HTTP.
You're accessing the development server over HTTPS, but it only supports HTTP.
You're accessing the development server over HTTPS, but it only supports HTTP.
You're accessing the development server over HTTPS, but it only supports HTTP.
You're accessing the development server over HTTPS, but it only supports HTTP.
You're accessing the development server over HTTPS, but it only supports HTTP.
You're accessing the development server over HTTPS, but it only supports HTTP.
You're accessing the development server over HTTPS, but it only supports HTTP.
code 400, message Bad request version ('\x00')
You're accessing the development server over HTTPS, but it only supports HTTP.
You're accessing the development server over HTTPS, but it only supports HTTP.
You're accessing the development server over HTTPS, but it only supports HTTP.
You're accessing the development server over HTTPS, but it only supports HTTP.
You're accessing the development server over HTTPS, but it only supports HTTP.
You're accessing the development server over HTTPS, but it only supports HTTP.
code 400, message Bad request version ('jj\x00\x00\x00\x12\x00\x00\x00')
You're accessing the development server over HTTPS, but it only supports HTTP.
You're accessing the development server over HTTPS, but it only supports HTTP.
You're accessing the development server over HTTPS, but it only supports HTTP.
You're accessing the development server over HTTPS, but it only supports HTTP.
You're accessing the development server over HTTPS, but it only supports HTTP.
code 400, message Bad request version ('\x00\x02\x01\x00\x00')
You're accessing the development server over HTTPS, but it only supports HTTP.
You're accessing the development server over HTTPS, but it only supports HTTP.
You're accessing the development server over HTTPS, but it only supports HTTP.
You're accessing the development server over HTTPS, but it only supports HTTP.
You're accessing the development server over HTTPS, but it only supports HTTP.
You're accessing the development server over HTTPS, but it only supports HTTP.
You're accessing the development server over HTTPS, but it only supports HTTP.
You're accessing the development server over HTTPS, but it only supports HTTP.
You're accessing the development server over HTTPS, but it only supports HTTP.
You're accessing the development server over HTTPS, but it only supports HTTP.
You're accessing the development server over HTTPS, but it only supports HTTP.
code 400, message Bad request version ('\x00\x12\x00\x10\x04\x03\x08\x04\x04\x01\x05\x03\x08\x05\x05\x01\x08\x06\x06\x01\x00-\x00\x02\x01\x01\x00')
You're accessing the development server over HTTPS, but it only supports HTTP.
You're accessing the development server over HTTPS, but it only supports HTTP.
C:\Users\user\Desktop\store-main\backend\config\settings.py changed, reloading.
Watching for file changes with StatReloader
code 400, message Bad request version ('C1w\x988')
You're accessing the development server over HTTPS, but it only supports HTTP.
You're accessing the development server over HTTPS, but it only supports HTTP.
code 400, message Bad request version ('\x02h2\x08http/1.1\x00')
You're accessing the development server over HTTPS, but it only supports HTTP.
You're accessing the development server over HTTPS, but it only supports HTTP.
You're accessing the development server over HTTPS, but it only supports HTTP.
code 400, message Bad request version ('\x00\x12\x00\x10\x04\x03\x08\x04\x04\x01\x05\x03\x08\x05\x05\x01\x08\x06\x06\x01\x00')
You're accessing the development server over HTTPS, but it only supports HTTP.
C:\Users\user\Desktop\store-main\backend\config\settings.py changed, reloading.
Watching for file changes with StatReloader
Watching for file changes with StatReloader
You're accessing the development server over HTTPS, but it only supports HTTP.
You're accessing the development server over HTTPS, but it only supports HTTP.
You're accessing the development server over HTTPS, but it only supports HTTP.
code 400, message Bad request version ('localhost\x00')
You're accessing the development server over HTTPS, but it only supports HTTP.
You're accessing the development server over HTTPS, but it only supports HTTP.
You're accessing the development server over HTTPS, but it only supports HTTP.
You're accessing the development server over HTTPS, but it only supports HTTP.
You're accessing the development server over HTTPS, but it only supports HTTP.
code 400, message Bad request version ('\x00\x02\x01\x00\x00\x1b\x00\x03\x02\x00\x02\x00+\x00\x07\x06')
You're accessing the development server over HTTPS, but it only supports HTTP.
code 400, message Bad request version ('\x02h2\x08http/1.1\x00')
You're accessing the development server over HTTPS, but it only supports HTTP.
You're accessing the development server over HTTPS, but it only supports HTTP.
You're accessing the development server over HTTPS, but it only supports HTTP.
Watching for file changes with StatReloader
code 400, message Bad request version ('\x00\x02\x01\x00\x00')
You're accessing the development server over HTTPS, but it only supports HTTP.
You're accessing the development server over HTTPS, but it only supports HTTP.
code 400, message Bad request version ('¤')
You're accessing the development server over HTTPS, but it only supports HTTP.
You're accessing the development server over HTTPS, but it only supports HTTP.
You're accessing the development server over HTTPS, but it only supports HTTP.
You're accessing the development server over HTTPS, but it only supports HTTP.
"GET /api/api/products/products?ordering=price&min_price=0&max_price=100000 HTTP/1.1" 301 0
"GET /api/api/products/products HTTP/1.1" 301 0
code 400, message Bad request version ('\x00\x12\x00\x10\x04\x03\x08\x04\x04\x01\x05\x03\x08\x05\x05\x01\x08\x06\x06\x01\x00-\x00\x02\x01\x01\x00\x17\x00\x00\x00\x05\x00\x05\x01\x00\x00\x00\x00\x00')
You're accessing the development server over HTTPS, but it only supports HTTP.
You're accessing the development server over HTTPS, but it only supports HTTP.
You're accessing the development server over HTTPS, but it only supports HTTP.
You're accessing the development server over HTTPS, but it only supports HTTP.
code 400, message Bad request version ('\x02h2\x08http/1.1\x00')
You're accessing the development server over HTTPS, but it only supports HTTP.
You're accessing the development server over HTTPS, but it only supports HTTP.
Watching for file changes with StatReloader
Watching for file changes with StatReloader
Watching for file changes with StatReloader
Watching for file changes with StatReloader
You're accessing the development server over HTTPS, but it only supports HTTP.
You're accessing the development server over HTTPS, but it only supports HTTP.
You're accessing the development server over HTTPS, but it only supports HTTP.
You're accessing the development server over HTTPS, but it only supports HTTP.
Watching for file changes with StatReloader
You're accessing the development server over HTTPS, but it only supports HTTP.
You're accessing the development server over HTTPS, but it only supports HTTP.
You're accessing the development server over HTTPS, but it only supports HTTP.
You're accessing the development server over HTTPS, but it only supports HTTP.
You're accessing the development server over HTTPS, but it only supports HTTP.
code 400, message Bad request version ('Q')
You're accessing the development server over HTTPS, but it only supports HTTP.
C:\Users\user\Desktop\store-main\backend\config\settings.py changed, reloading.
Watching for file changes with StatReloader
Watching for file changes with StatReloader
code 400, message Bad request version ('\x00\x02\x01\x00\x00')
You're accessing the development server over HTTPS, but it only supports HTTP.
You're accessing the development server over HTTPS, but it only supports HTTP.
You're accessing the development server over HTTPS, but it only supports HTTP.
You're accessing the development server over HTTPS, but it only supports HTTP.
You're accessing the development server over HTTPS, but it only supports HTTP.
You're accessing the development server over HTTPS, but it only supports HTTP.
C:\Users\user\Desktop\store-main\backend\config\settings.py changed, reloading.
Watching for file changes with StatReloader
Watching for file changes with StatReloader
You're accessing the development server over HTTPS, but it only supports HTTP.
You're accessing the development server over HTTPS, but it only supports HTTP.
You're accessing the development server over HTTPS, but it only supports HTTP.
code 400, message Bad request version ('\x02h2\x08http/1.1\x00')
You're accessing the development server over HTTPS, but it only supports HTTP.
You're accessing the development server over HTTPS, but it only supports HTTP.
You're accessing the development server over HTTPS, but it only supports HTTP.
code 400, message Bad request version ('\x08')
You're accessing the development server over HTTPS, but it only supports HTTP.
You're accessing the development server over HTTPS, but it only supports HTTP.
code 400, message Bad request version ('\x02h2\x08http/1.1\x00+\x00\x07\x06zz\x03\x04\x03\x03\x00#\x00\x00\x00\x05\x00\x05\x01\x00\x00\x00\x00\x00')
You're accessing the development server over HTTPS, but it only supports HTTP.
You're accessing the development server over HTTPS, but it only supports HTTP.
You're accessing the development server over HTTPS, but it only supports HTTP.
You're accessing the development server over HTTPS, but it only supports HTTP.
You're accessing the development server over HTTPS, but it only supports HTTP.
You're accessing the development server over HTTPS, but it only supports HTTP.
You're accessing the development server over HTTPS, but it only supports HTTP.
You're accessing the development server over HTTPS, but it only supports HTTP.
You're accessing the development server over HTTPS, but it only supports HTTP.
You're accessing the development server over HTTPS, but it only supports HTTP.
You're accessing the development server over HTTPS, but it only supports HTTP.
You're accessing the development server over HTTPS, but it only supports HTTP.
You're accessing the development server over HTTPS, but it only supports HTTP.
You're accessing the development server over HTTPS, but it only supports HTTP.
You're accessing the development server over HTTPS, but it only supports HTTP.
You're accessing the development server over HTTPS, but it only supports HTTP.
You're accessing the development server over HTTPS, but it only supports HTTP.
You're accessing the development server over HTTPS, but it only supports HTTP.
You're accessing the development server over HTTPS, but it only supports HTTP.
You're accessing the development server over HTTPS, but it only supports HTTP.
You're accessing the development server over HTTPS, but it only supports HTTP.
You're accessing the development server over HTTPS, but it only supports HTTP.
Watching for file changes with StatReloader
You're accessing the development server over HTTPS, but it only supports HTTP.
You're accessing the development server over HTTPS, but it only supports HTTP.
You're accessing the development server over HTTPS, but it only supports HTTP.
You're accessing the development server over HTTPS, but it only supports HTTP.
You're accessing the development server over HTTPS, but it only supports HTTP.
You're accessing the development server over HTTPS, but it only supports HTTP.
Watching for file changes with StatReloader
You're accessing the development server over HTTPS, but it only supports HTTP.
You're accessing the development server over HTTPS, but it only supports HTTP.
You're accessing the development server over HTTPS, but it only supports HTTP.
You're accessing the development server over HTTPS, but it only supports HTTP.
C:\Users\user\Desktop\store-main\backend\config\settings.py changed, reloading.
Watching for file changes with StatReloader
"GET /api/ HTTP/1.1" 301 0
You're accessing the development server over HTTPS, but it only supports HTTP.
You're accessing the development server over HTTPS, but it only supports HTTP.
You're accessing the development server over HTTPS, but it only supports HTTP.
code 400, message Bad request version ('V±Um')
You're accessing the development server over HTTPS, but it only supports HTTP.
You're accessing the development server over HTTPS, but it only supports HTTP.
code 400, message Bad request version ('\x02h2\x08http/1.1\x00\x17\x00\x00\x00')
You're accessing the development server over HTTPS, but it only supports HTTP.
You're accessing the development server over HTTPS, but it only supports HTTP.
You're accessing the development server over HTTPS, but it only supports HTTP.
You're accessing the development server over HTTPS, but it only supports HTTP.
code 400, message Bad request version ('\x00\x12\x00\x10\x04\x03\x08\x04\x04\x01\x05\x03\x08\x05\x05\x01\x08\x06\x06\x01\x00+\x00\x07\x06')
You're accessing the development server over HTTPS, but it only supports HTTP.
C:\Users\user\Desktop\store-main\backend\config\settings.py changed, reloading.
